# JRE version: OpenJDK Runtime Environment Temurin-21.0.7+6 (21.0.7+6) (build 21.0.7+6-LTS)
# Java VM: OpenJDK 64-Bit Server VM Temurin-21.0.7+6 (21.0.7+6-LTS, mixed mode, sharing, tiered, compressed oops, compressed class ptrs, parallel gc, windows-amd64)
GC Precious Log:
 CardTable entry size: 512
 CPUs: 8 total, 8 available
 Memory: 7101M
 Large Page Support: Disabled
 NUMA Support: Disabled
 Compressed Oops: Enabled (32-bit)
 Alignments: Space 512K, Generation 512K, Heap 2M
 Heap Min Capacity: 100M
 Heap Initial Capacity: 100M
 Heap Max Capacity: 2G
 Pre-touch: Disabled
 Parallel Workers: 8
Heap:
 PSYoungGen      total 7168K, used 4797K [0x00000000d5580000, 0x00000000d6080000, 0x0000000100000000)
  eden space 6144K, 65% used [0x00000000d5580000,0x00000000d5967570,0x00000000d5b80000)
  from space 1024K, 78% used [0x00000000d5d80000,0x00000000d5e48000,0x00000000d5e80000)
  to   space 1536K, 0% used [0x00000000d5f00000,0x00000000d5f00000,0x00000000d6080000)
 ParOldGen       total 496640K, used 496147K [0x0000000080000000, 0x000000009e500000, 0x00000000d5580000)
  object space 496640K, 99% used [0x0000000080000000,0x000000009e484d28,0x000000009e500000)
 Metaspace       used 63508K, committed 64832K, reserved 1114112K
  class space    used 6577K, committed 7168K, reserved 1048576K
GC Heap History (20 events):
Event: 29.730 GC heap before
{Heap before GC invocations=427 (full 3):
 PSYoungGen      total 4608K, used 4576K [0x00000000d5580000, 0x00000000d5d80000, 0x0000000100000000)
  eden space 2560K, 100% used [0x00000000d5580000,0x00000000d5800000,0x00000000d5800000)
  from space 2048K, 98% used [0x00000000d5800000,0x00000000d59f8000,0x00000000d5a00000)
  to   space 2560K, 0% used [0x00000000d5b00000,0x00000000d5b00000,0x00000000d5d80000)
 ParOldGen       total 473600K, used 473459K [0x0000000080000000, 0x000000009ce80000, 0x00000000d5580000)
  object space 473600K, 99% used [0x0000000080000000,0x000000009ce5cec8,0x000000009ce80000)
 Metaspace       used 61633K, committed 62976K, reserved 1114112K
  class space    used 6408K, committed 6976K, reserved 1048576K
}
Event: 29.743 GC heap after
{Heap after GC invocations=427 (full 3):
 PSYoungGen      total 5120K, used 1888K [0x00000000d5580000, 0x00000000d5d00000, 0x0000000100000000)
  eden space 3072K, 0% used [0x00000000d5580000,0x00000000d5580000,0x00000000d5880000)
  from space 2048K, 92% used [0x00000000d5b00000,0x00000000d5cd8000,0x00000000d5d00000)
  to   space 2048K, 0% used [0x00000000d5900000,0x00000000d5900000,0x00000000d5b00000)
 ParOldGen       total 475648K, used 475363K [0x0000000080000000, 0x000000009d080000, 0x00000000d5580000)
  object space 475648K, 99% used [0x0000000080000000,0x000000009d038ec8,0x000000009d080000)
 Metaspace       used 61633K, committed 62976K, reserved 1114112K
  class space    used 6408K, committed 6976K, reserved 1048576K
}
Event: 29.797 GC heap before
{Heap before GC invocations=428 (full 3):
 PSYoungGen      total 5120K, used 4960K [0x00000000d5580000, 0x00000000d5d00000, 0x0000000100000000)
  eden space 3072K, 100% used [0x00000000d5580000,0x00000000d5880000,0x00000000d5880000)
  from space 2048K, 92% used [0x00000000d5b00000,0x00000000d5cd8000,0x00000000d5d00000)
  to   space 2048K, 0% used [0x00000000d5900000,0x00000000d5900000,0x00000000d5b00000)
 ParOldGen       total 475648K, used 475560K [0x0000000080000000, 0x000000009d080000, 0x00000000d5580000)
  object space 475648K, 99% used [0x0000000080000000,0x000000009d06a2a0,0x000000009d080000)
 Metaspace       used 61658K, committed 63040K, reserved 1114112K
  class space    used 6410K, committed 6976K, reserved 1048576K
}
Event: 29.811 GC heap after
{Heap after GC invocations=428 (full 3):
 PSYoungGen      total 5120K, used 2033K [0x00000000d5580000, 0x00000000d6180000, 0x0000000100000000)
  eden space 3072K, 0% used [0x00000000d5580000,0x00000000d5580000,0x00000000d5880000)
  from space 2048K, 99% used [0x00000000d5900000,0x00000000d5afc678,0x00000000d5b00000)
  to   space 4608K, 0% used [0x00000000d5d00000,0x00000000d5d00000,0x00000000d6180000)
 ParOldGen       total 477696K, used 477384K [0x0000000080000000, 0x000000009d280000, 0x00000000d5580000)
  object space 477696K, 99% used [0x0000000080000000,0x000000009d2322a0,0x000000009d280000)
 Metaspace       used 61658K, committed 63040K, reserved 1114112K
  class space    used 6410K, committed 6976K, reserved 1048576K
}
Event: 29.829 GC heap before
{Heap before GC invocations=429 (full 3):
 PSYoungGen      total 5120K, used 5105K [0x00000000d5580000, 0x00000000d6180000, 0x0000000100000000)
  eden space 3072K, 100% used [0x00000000d5580000,0x00000000d5880000,0x00000000d5880000)
  from space 2048K, 99% used [0x00000000d5900000,0x00000000d5afc678,0x00000000d5b00000)
  to   space 4608K, 0% used [0x00000000d5d00000,0x00000000d5d00000,0x00000000d6180000)
 ParOldGen       total 477696K, used 477386K [0x0000000080000000, 0x000000009d280000, 0x00000000d5580000)
  object space 477696K, 99% used [0x0000000080000000,0x000000009d232ba0,0x000000009d280000)
 Metaspace       used 61675K, committed 63040K, reserved 1114112K
  class space    used 6410K, committed 6976K, reserved 1048576K
}
Event: 29.839 GC heap after
{Heap after GC invocations=429 (full 3):
 PSYoungGen      total 6656K, used 1879K [0x00000000d5580000, 0x00000000d5f80000, 0x0000000100000000)
  eden space 4096K, 0% used [0x00000000d5580000,0x00000000d5580000,0x00000000d5980000)
  from space 2560K, 73% used [0x00000000d5d00000,0x00000000d5ed5c78,0x00000000d5f80000)
  to   space 3072K, 0% used [0x00000000d5980000,0x00000000d5980000,0x00000000d5c80000)
 ParOldGen       total 479744K, used 479340K [0x0000000080000000, 0x000000009d480000, 0x00000000d5580000)
  object space 479744K, 99% used [0x0000000080000000,0x000000009d41b218,0x000000009d480000)
 Metaspace       used 61675K, committed 63040K, reserved 1114112K
  class space    used 6410K, committed 6976K, reserved 1048576K
}
Event: 29.899 GC heap before
{Heap before GC invocations=430 (full 3):
 PSYoungGen      total 6656K, used 5975K [0x00000000d5580000, 0x00000000d5f80000, 0x0000000100000000)
  eden space 4096K, 100% used [0x00000000d5580000,0x00000000d5980000,0x00000000d5980000)
  from space 2560K, 73% used [0x00000000d5d00000,0x00000000d5ed5c78,0x00000000d5f80000)
  to   space 3072K, 0% used [0x00000000d5980000,0x00000000d5980000,0x00000000d5c80000)
 ParOldGen       total 479744K, used 479340K [0x0000000080000000, 0x000000009d480000, 0x00000000d5580000)
  object space 479744K, 99% used [0x0000000080000000,0x000000009d41b218,0x000000009d480000)
 Metaspace       used 61696K, committed 63040K, reserved 1114112K
  class space    used 6411K, committed 6976K, reserved 1048576K
}
Event: 29.910 GC heap after
{Heap after GC invocations=430 (full 3):
 PSYoungGen      total 7168K, used 2816K [0x00000000d5580000, 0x00000000d6080000, 0x0000000100000000)
  eden space 4096K, 0% used [0x00000000d5580000,0x00000000d5580000,0x00000000d5980000)
  from space 3072K, 91% used [0x00000000d5980000,0x00000000d5c40000,0x00000000d5c80000)
  to   space 3072K, 0% used [0x00000000d5d80000,0x00000000d5d80000,0x00000000d6080000)
 ParOldGen       total 481280K, used 481117K [0x0000000080000000, 0x000000009d600000, 0x00000000d5580000)
  object space 481280K, 99% used [0x0000000080000000,0x000000009d5d7638,0x000000009d600000)
 Metaspace       used 61696K, committed 63040K, reserved 1114112K
  class space    used 6411K, committed 6976K, reserved 1048576K
}
Event: 29.970 GC heap before
{Heap before GC invocations=431 (full 3):
 PSYoungGen      total 7168K, used 6912K [0x00000000d5580000, 0x00000000d6080000, 0x0000000100000000)
  eden space 4096K, 100% used [0x00000000d5580000,0x00000000d5980000,0x00000000d5980000)
  from space 3072K, 91% used [0x00000000d5980000,0x00000000d5c40000,0x00000000d5c80000)
  to   space 3072K, 0% used [0x00000000d5d80000,0x00000000d5d80000,0x00000000d6080000)
 ParOldGen       total 481280K, used 481117K [0x0000000080000000, 0x000000009d600000, 0x00000000d5580000)
  object space 481280K, 99% used [0x0000000080000000,0x000000009d5d7638,0x000000009d600000)
 Metaspace       used 61701K, committed 63040K, reserved 1114112K
  class space    used 6411K, committed 6976K, reserved 1048576K
}
Event: 29.978 GC heap after
{Heap after GC invocations=431 (full 3):
 PSYoungGen      total 8192K, used 2556K [0x00000000d5580000, 0x00000000d6080000, 0x0000000100000000)
  eden space 5120K, 0% used [0x00000000d5580000,0x00000000d5580000,0x00000000d5a80000)
  from space 3072K, 83% used [0x00000000d5d80000,0x00000000d5fff1c0,0x00000000d6080000)
  to   space 3072K, 0% used [0x00000000d5a80000,0x00000000d5a80000,0x00000000d5d80000)
 ParOldGen       total 484352K, used 483845K [0x0000000080000000, 0x000000009d900000, 0x00000000d5580000)
  object space 484352K, 99% used [0x0000000080000000,0x000000009d881638,0x000000009d900000)
 Metaspace       used 61701K, committed 63040K, reserved 1114112K
  class space    used 6411K, committed 6976K, reserved 1048576K
}
Event: 30.021 GC heap before
{Heap before GC invocations=432 (full 3):
 PSYoungGen      total 8192K, used 7676K [0x00000000d5580000, 0x00000000d6080000, 0x0000000100000000)
  eden space 5120K, 100% used [0x00000000d5580000,0x00000000d5a80000,0x00000000d5a80000)
  from space 3072K, 83% used [0x00000000d5d80000,0x00000000d5fff1c0,0x00000000d6080000)
  to   space 3072K, 0% used [0x00000000d5a80000,0x00000000d5a80000,0x00000000d5d80000)
 ParOldGen       total 484352K, used 483845K [0x0000000080000000, 0x000000009d900000, 0x00000000d5580000)
  object space 484352K, 99% used [0x0000000080000000,0x000000009d881638,0x000000009d900000)
 Metaspace       used 61701K, committed 63040K, reserved 1114112K
  class space    used 6411K, committed 6976K, reserved 1048576K
}
Event: 30.032 GC heap after
{Heap after GC invocations=432 (full 3):
 PSYoungGen      total 8192K, used 3072K [0x00000000d5580000, 0x00000000d6880000, 0x0000000100000000)
  eden space 5120K, 0% used [0x00000000d5580000,0x00000000d5580000,0x00000000d5a80000)
  from space 3072K, 100% used [0x00000000d5a80000,0x00000000d5d80000,0x00000000d5d80000)
  to   space 6656K, 0% used [0x00000000d6200000,0x00000000d6200000,0x00000000d6880000)
 ParOldGen       total 486912K, used 486451K [0x0000000080000000, 0x000000009db80000, 0x00000000d5580000)
  object space 486912K, 99% used [0x0000000080000000,0x000000009db0cce8,0x000000009db80000)
 Metaspace       used 61701K, committed 63040K, reserved 1114112K
  class space    used 6411K, committed 6976K, reserved 1048576K
}
Event: 30.092 GC heap before
{Heap before GC invocations=433 (full 3):
 PSYoungGen      total 8192K, used 8192K [0x00000000d5580000, 0x00000000d6880000, 0x0000000100000000)
  eden space 5120K, 100% used [0x00000000d5580000,0x00000000d5a80000,0x00000000d5a80000)
  from space 3072K, 100% used [0x00000000d5a80000,0x00000000d5d80000,0x00000000d5d80000)
  to   space 6656K, 0% used [0x00000000d6200000,0x00000000d6200000,0x00000000d6880000)
 ParOldGen       total 486912K, used 486451K [0x0000000080000000, 0x000000009db80000, 0x00000000d5580000)
  object space 486912K, 99% used [0x0000000080000000,0x000000009db0cce8,0x000000009db80000)
 Metaspace       used 61701K, committed 63040K, reserved 1114112K
  class space    used 6411K, committed 6976K, reserved 1048576K
}
Event: 30.107 GC heap after
{Heap after GC invocations=433 (full 3):
 PSYoungGen      total 10240K, used 3736K [0x00000000d5580000, 0x00000000d6600000, 0x0000000100000000)
  eden space 6144K, 0% used [0x00000000d5580000,0x00000000d5580000,0x00000000d5b80000)
  from space 4096K, 91% used [0x00000000d6200000,0x00000000d65a60e8,0x00000000d6600000)
  to   space 4608K, 0% used [0x00000000d5d00000,0x00000000d5d00000,0x00000000d6180000)
 ParOldGen       total 489984K, used 489555K [0x0000000080000000, 0x000000009de80000, 0x00000000d5580000)
  object space 489984K, 99% used [0x0000000080000000,0x000000009de14ce8,0x000000009de80000)
 Metaspace       used 61701K, committed 63040K, reserved 1114112K
  class space    used 6411K, committed 6976K, reserved 1048576K
}
Event: 30.314 GC heap before
{Heap before GC invocations=434 (full 3):
 PSYoungGen      total 10240K, used 9864K [0x00000000d5580000, 0x00000000d6600000, 0x0000000100000000)
  eden space 6144K, 99% used [0x00000000d5580000,0x00000000d5b7c2a8,0x00000000d5b80000)
  from space 4096K, 91% used [0x00000000d6200000,0x00000000d65a60e8,0x00000000d6600000)
  to   space 4608K, 0% used [0x00000000d5d00000,0x00000000d5d00000,0x00000000d6180000)
 ParOldGen       total 489984K, used 489555K [0x0000000080000000, 0x000000009de80000, 0x00000000d5580000)
  object space 489984K, 99% used [0x0000000080000000,0x000000009de14ce8,0x000000009de80000)
 Metaspace       used 62105K, committed 63424K, reserved 1114112K
  class space    used 6429K, committed 6976K, reserved 1048576K
}
Event: 30.326 GC heap after
{Heap after GC invocations=434 (full 3):
 PSYoungGen      total 9216K, used 2768K [0x00000000d5580000, 0x00000000d6280000, 0x0000000100000000)
  eden space 6144K, 0% used [0x00000000d5580000,0x00000000d5580000,0x00000000d5b80000)
  from space 3072K, 90% used [0x00000000d5d00000,0x00000000d5fb4030,0x00000000d6000000)
  to   space 2560K, 0% used [0x00000000d6000000,0x00000000d6000000,0x00000000d6280000)
 ParOldGen       total 493056K, used 493051K [0x0000000080000000, 0x000000009e180000, 0x00000000d5580000)
  object space 493056K, 99% used [0x0000000080000000,0x000000009e17ece8,0x000000009e180000)
 Metaspace       used 62105K, committed 63424K, reserved 1114112K
  class space    used 6429K, committed 6976K, reserved 1048576K
}
Event: 30.844 GC heap before
{Heap before GC invocations=435 (full 3):
 PSYoungGen      total 9216K, used 8912K [0x00000000d5580000, 0x00000000d6280000, 0x0000000100000000)
  eden space 6144K, 100% used [0x00000000d5580000,0x00000000d5b80000,0x00000000d5b80000)
  from space 3072K, 90% used [0x00000000d5d00000,0x00000000d5fb4030,0x00000000d6000000)
  to   space 2560K, 0% used [0x00000000d6000000,0x00000000d6000000,0x00000000d6280000)
 ParOldGen       total 493056K, used 493051K [0x0000000080000000, 0x000000009e180000, 0x00000000d5580000)
  object space 493056K, 99% used [0x0000000080000000,0x000000009e17ece8,0x000000009e180000)
 Metaspace       used 62553K, committed 63872K, reserved 1114112K
  class space    used 6469K, committed 7040K, reserved 1048576K
}
Event: 30.851 GC heap after
{Heap after GC invocations=435 (full 3):
 PSYoungGen      total 7680K, used 1344K [0x00000000d5580000, 0x00000000d6180000, 0x0000000100000000)
  eden space 6144K, 0% used [0x00000000d5580000,0x00000000d5580000,0x00000000d5b80000)
  from space 1536K, 87% used [0x00000000d6000000,0x00000000d6150020,0x00000000d6180000)
  to   space 2048K, 0% used [0x00000000d5d80000,0x00000000d5d80000,0x00000000d5f80000)
 ParOldGen       total 495616K, used 495443K [0x0000000080000000, 0x000000009e400000, 0x00000000d5580000)
  object space 495616K, 99% used [0x0000000080000000,0x000000009e3d4d08,0x000000009e400000)
 Metaspace       used 62553K, committed 63872K, reserved 1114112K
  class space    used 6469K, committed 7040K, reserved 1048576K
}
Event: 31.171 GC heap before
{Heap before GC invocations=436 (full 3):
 PSYoungGen      total 7680K, used 7487K [0x00000000d5580000, 0x00000000d6180000, 0x0000000100000000)
  eden space 6144K, 99% used [0x00000000d5580000,0x00000000d5b7ffd8,0x00000000d5b80000)
  from space 1536K, 87% used [0x00000000d6000000,0x00000000d6150020,0x00000000d6180000)
  to   space 2048K, 0% used [0x00000000d5d80000,0x00000000d5d80000,0x00000000d5f80000)
 ParOldGen       total 495616K, used 495443K [0x0000000080000000, 0x000000009e400000, 0x00000000d5580000)
  object space 495616K, 99% used [0x0000000080000000,0x000000009e3d4d08,0x000000009e400000)
 Metaspace       used 63048K, committed 64320K, reserved 1114112K
  class space    used 6513K, committed 7040K, reserved 1048576K
}
Event: 31.175 GC heap after
{Heap after GC invocations=436 (full 3):
 PSYoungGen      total 7168K, used 800K [0x00000000d5580000, 0x00000000d6080000, 0x0000000100000000)
  eden space 6144K, 0% used [0x00000000d5580000,0x00000000d5580000,0x00000000d5b80000)
  from space 1024K, 78% used [0x00000000d5d80000,0x00000000d5e48000,0x00000000d5e80000)
  to   space 1536K, 0% used [0x00000000d5f00000,0x00000000d5f00000,0x00000000d6080000)
 ParOldGen       total 496640K, used 496147K [0x0000000080000000, 0x000000009e500000, 0x00000000d5580000)
  object space 496640K, 99% used [0x0000000080000000,0x000000009e484d28,0x000000009e500000)
 Metaspace       used 63048K, committed 64320K, reserved 1114112K
  class space    used 6513K, committed 7040K, reserved 1048576K
}

