# JRE version: OpenJDK Runtime Environment Temurin-21.0.7+6 (21.0.7+6) (build 21.0.7+6-LTS)
# Java VM: OpenJDK 64-Bit Server VM Temurin-21.0.7+6 (21.0.7+6-LTS, mixed mode, sharing, tiered, compressed oops, compressed class ptrs, parallel gc, windows-amd64)
GC Precious Log:
 CardTable entry size: 512
 CPUs: 8 total, 8 available
 Memory: 7101M
 Large Page Support: Disabled
 NUMA Support: Disabled
 Compressed Oops: Enabled (32-bit)
 Alignments: Space 512K, Generation 512K, Heap 2M
 Heap Min Capacity: 100M
 Heap Initial Capacity: 100M
 Heap Max Capacity: 2G
 Pre-touch: Disabled
 Parallel Workers: 8
Heap:
 PSYoungGen      total 20992K, used 19444K [0x00000000d5580000, 0x00000000d6c80000, 0x0000000100000000)
  eden space 19456K, 93% used [0x00000000d5580000,0x00000000d674ec08,0x00000000d6880000)
  from space 1536K, 78% used [0x00000000d6b00000,0x00000000d6c2e4b8,0x00000000d6c80000)
  to   space 1536K, 0% used [0x00000000d6980000,0x00000000d6980000,0x00000000d6b00000)
 ParOldGen       total 68608K, used 37647K [0x0000000080000000, 0x0000000084300000, 0x00000000d5580000)
  object space 68608K, 54% used [0x0000000080000000,0x00000000824c3d78,0x0000000084300000)
 Metaspace       used 52369K, committed 53632K, reserved 1114112K
  class space    used 5582K, committed 6144K, reserved 1048576K
GC Heap History (20 events):
Event: 57.374 GC heap before
{Heap before GC invocations=19 (full 2):
 PSYoungGen      total 23552K, used 23520K [0x00000000d5580000, 0x00000000d7200000, 0x0000000100000000)
  eden space 22016K, 100% used [0x00000000d5580000,0x00000000d6b00000,0x00000000d6b00000)
  from space 1536K, 97% used [0x00000000d6f80000,0x00000000d70f8010,0x00000000d7100000)
  to   space 3584K, 0% used [0x00000000d6b00000,0x00000000d6b00000,0x00000000d6e80000)
 ParOldGen       total 68608K, used 20769K [0x0000000080000000, 0x0000000084300000, 0x00000000d5580000)
  object space 68608K, 30% used [0x0000000080000000,0x0000000081448518,0x0000000084300000)
 Metaspace       used 40846K, committed 41984K, reserved 1114112K
  class space    used 4243K, committed 4736K, reserved 1048576K
}
Event: 57.383 GC heap after
{Heap after GC invocations=19 (full 2):
 PSYoungGen      total 25600K, used 3447K [0x00000000d5580000, 0x00000000d7200000, 0x0000000100000000)
  eden space 22016K, 0% used [0x00000000d5580000,0x00000000d5580000,0x00000000d6b00000)
  from space 3584K, 96% used [0x00000000d6b00000,0x00000000d6e5ddc0,0x00000000d6e80000)
  to   space 3584K, 0% used [0x00000000d6e80000,0x00000000d6e80000,0x00000000d7200000)
 ParOldGen       total 68608K, used 22257K [0x0000000080000000, 0x0000000084300000, 0x00000000d5580000)
  object space 68608K, 32% used [0x0000000080000000,0x00000000815bc528,0x0000000084300000)
 Metaspace       used 40846K, committed 41984K, reserved 1114112K
  class space    used 4243K, committed 4736K, reserved 1048576K
}
Event: 57.769 GC heap before
{Heap before GC invocations=20 (full 2):
 PSYoungGen      total 25600K, used 25463K [0x00000000d5580000, 0x00000000d7200000, 0x0000000100000000)
  eden space 22016K, 100% used [0x00000000d5580000,0x00000000d6b00000,0x00000000d6b00000)
  from space 3584K, 96% used [0x00000000d6b00000,0x00000000d6e5ddc0,0x00000000d6e80000)
  to   space 3584K, 0% used [0x00000000d6e80000,0x00000000d6e80000,0x00000000d7200000)
 ParOldGen       total 68608K, used 22257K [0x0000000080000000, 0x0000000084300000, 0x00000000d5580000)
  object space 68608K, 32% used [0x0000000080000000,0x00000000815bc528,0x0000000084300000)
 Metaspace       used 41797K, committed 42944K, reserved 1114112K
  class space    used 4354K, committed 4864K, reserved 1048576K
}
Event: 57.778 GC heap after
{Heap after GC invocations=20 (full 2):
 PSYoungGen      total 24576K, used 2432K [0x00000000d5580000, 0x00000000d7100000, 0x0000000100000000)
  eden space 22016K, 0% used [0x00000000d5580000,0x00000000d5580000,0x00000000d6b00000)
  from space 2560K, 95% used [0x00000000d6e80000,0x00000000d70e0020,0x00000000d7100000)
  to   space 3072K, 0% used [0x00000000d6b00000,0x00000000d6b00000,0x00000000d6e00000)
 ParOldGen       total 68608K, used 24165K [0x0000000080000000, 0x0000000084300000, 0x00000000d5580000)
  object space 68608K, 35% used [0x0000000080000000,0x00000000817995b8,0x0000000084300000)
 Metaspace       used 41797K, committed 42944K, reserved 1114112K
  class space    used 4354K, committed 4864K, reserved 1048576K
}
Event: 58.074 GC heap before
{Heap before GC invocations=21 (full 2):
 PSYoungGen      total 24576K, used 24448K [0x00000000d5580000, 0x00000000d7100000, 0x0000000100000000)
  eden space 22016K, 100% used [0x00000000d5580000,0x00000000d6b00000,0x00000000d6b00000)
  from space 2560K, 95% used [0x00000000d6e80000,0x00000000d70e0020,0x00000000d7100000)
  to   space 3072K, 0% used [0x00000000d6b00000,0x00000000d6b00000,0x00000000d6e00000)
 ParOldGen       total 68608K, used 24165K [0x0000000080000000, 0x0000000084300000, 0x00000000d5580000)
  object space 68608K, 35% used [0x0000000080000000,0x00000000817995b8,0x0000000084300000)
 Metaspace       used 42763K, committed 43968K, reserved 1114112K
  class space    used 4466K, committed 4992K, reserved 1048576K
}
Event: 58.084 GC heap after
{Heap after GC invocations=21 (full 2):
 PSYoungGen      total 24064K, used 1920K [0x00000000d5580000, 0x00000000d7000000, 0x0000000100000000)
  eden space 22016K, 0% used [0x00000000d5580000,0x00000000d5580000,0x00000000d6b00000)
  from space 2048K, 93% used [0x00000000d6b00000,0x00000000d6ce0000,0x00000000d6d00000)
  to   space 2560K, 0% used [0x00000000d6d80000,0x00000000d6d80000,0x00000000d7000000)
 ParOldGen       total 68608K, used 26397K [0x0000000080000000, 0x0000000084300000, 0x00000000d5580000)
  object space 68608K, 38% used [0x0000000080000000,0x00000000819c7768,0x0000000084300000)
 Metaspace       used 42763K, committed 43968K, reserved 1114112K
  class space    used 4466K, committed 4992K, reserved 1048576K
}
Event: 58.398 GC heap before
{Heap before GC invocations=22 (full 2):
 PSYoungGen      total 24064K, used 23810K [0x00000000d5580000, 0x00000000d7000000, 0x0000000100000000)
  eden space 22016K, 99% used [0x00000000d5580000,0x00000000d6ae0b40,0x00000000d6b00000)
  from space 2048K, 93% used [0x00000000d6b00000,0x00000000d6ce0000,0x00000000d6d00000)
  to   space 2560K, 0% used [0x00000000d6d80000,0x00000000d6d80000,0x00000000d7000000)
 ParOldGen       total 68608K, used 26397K [0x0000000080000000, 0x0000000084300000, 0x00000000d5580000)
  object space 68608K, 38% used [0x0000000080000000,0x00000000819c7768,0x0000000084300000)
 Metaspace       used 43984K, committed 45184K, reserved 1114112K
  class space    used 4610K, committed 5120K, reserved 1048576K
}
Event: 58.408 GC heap after
{Heap after GC invocations=22 (full 2):
 PSYoungGen      total 23552K, used 1536K [0x00000000d5580000, 0x00000000d6f00000, 0x0000000100000000)
  eden space 22016K, 0% used [0x00000000d5580000,0x00000000d5580000,0x00000000d6b00000)
  from space 1536K, 100% used [0x00000000d6d80000,0x00000000d6f00000,0x00000000d6f00000)
  to   space 2048K, 0% used [0x00000000d6b00000,0x00000000d6b00000,0x00000000d6d00000)
 ParOldGen       total 68608K, used 28132K [0x0000000080000000, 0x0000000084300000, 0x00000000d5580000)
  object space 68608K, 41% used [0x0000000080000000,0x0000000081b79118,0x0000000084300000)
 Metaspace       used 43984K, committed 45184K, reserved 1114112K
  class space    used 4610K, committed 5120K, reserved 1048576K
}
Event: 58.676 GC heap before
{Heap before GC invocations=23 (full 2):
 PSYoungGen      total 23552K, used 23552K [0x00000000d5580000, 0x00000000d6f00000, 0x0000000100000000)
  eden space 22016K, 100% used [0x00000000d5580000,0x00000000d6b00000,0x00000000d6b00000)
  from space 1536K, 100% used [0x00000000d6d80000,0x00000000d6f00000,0x00000000d6f00000)
  to   space 2048K, 0% used [0x00000000d6b00000,0x00000000d6b00000,0x00000000d6d00000)
 ParOldGen       total 68608K, used 28132K [0x0000000080000000, 0x0000000084300000, 0x00000000d5580000)
  object space 68608K, 41% used [0x0000000080000000,0x0000000081b79118,0x0000000084300000)
 Metaspace       used 44880K, committed 46080K, reserved 1114112K
  class space    used 4722K, committed 5248K, reserved 1048576K
}
Event: 58.686 GC heap after
{Heap after GC invocations=23 (full 2):
 PSYoungGen      total 24064K, used 1956K [0x00000000d5580000, 0x00000000d6f00000, 0x0000000100000000)
  eden space 22016K, 0% used [0x00000000d5580000,0x00000000d5580000,0x00000000d6b00000)
  from space 2048K, 95% used [0x00000000d6b00000,0x00000000d6ce9000,0x00000000d6d00000)
  to   space 2048K, 0% used [0x00000000d6d00000,0x00000000d6d00000,0x00000000d6f00000)
 ParOldGen       total 68608K, used 29456K [0x0000000080000000, 0x0000000084300000, 0x00000000d5580000)
  object space 68608K, 42% used [0x0000000080000000,0x0000000081cc4218,0x0000000084300000)
 Metaspace       used 44880K, committed 46080K, reserved 1114112K
  class space    used 4722K, committed 5248K, reserved 1048576K
}
Event: 59.124 GC heap before
{Heap before GC invocations=24 (full 2):
 PSYoungGen      total 24064K, used 23972K [0x00000000d5580000, 0x00000000d6f00000, 0x0000000100000000)
  eden space 22016K, 100% used [0x00000000d5580000,0x00000000d6b00000,0x00000000d6b00000)
  from space 2048K, 95% used [0x00000000d6b00000,0x00000000d6ce9000,0x00000000d6d00000)
  to   space 2048K, 0% used [0x00000000d6d00000,0x00000000d6d00000,0x00000000d6f00000)
 ParOldGen       total 68608K, used 29456K [0x0000000080000000, 0x0000000084300000, 0x00000000d5580000)
  object space 68608K, 42% used [0x0000000080000000,0x0000000081cc4218,0x0000000084300000)
 Metaspace       used 45845K, committed 47040K, reserved 1114112K
  class space    used 4854K, committed 5376K, reserved 1048576K
}
Event: 59.132 GC heap after
{Heap after GC invocations=24 (full 2):
 PSYoungGen      total 21504K, used 2026K [0x00000000d5580000, 0x00000000d7400000, 0x0000000100000000)
  eden space 19456K, 0% used [0x00000000d5580000,0x00000000d5580000,0x00000000d6880000)
  from space 2048K, 98% used [0x00000000d6d00000,0x00000000d6efab58,0x00000000d6f00000)
  to   space 4608K, 0% used [0x00000000d6880000,0x00000000d6880000,0x00000000d6d00000)
 ParOldGen       total 68608K, used 31342K [0x0000000080000000, 0x0000000084300000, 0x00000000d5580000)
  object space 68608K, 45% used [0x0000000080000000,0x0000000081e9b940,0x0000000084300000)
 Metaspace       used 45845K, committed 47040K, reserved 1114112K
  class space    used 4854K, committed 5376K, reserved 1048576K
}
Event: 59.635 GC heap before
{Heap before GC invocations=25 (full 2):
 PSYoungGen      total 21504K, used 21482K [0x00000000d5580000, 0x00000000d7400000, 0x0000000100000000)
  eden space 19456K, 100% used [0x00000000d5580000,0x00000000d6880000,0x00000000d6880000)
  from space 2048K, 98% used [0x00000000d6d00000,0x00000000d6efab58,0x00000000d6f00000)
  to   space 4608K, 0% used [0x00000000d6880000,0x00000000d6880000,0x00000000d6d00000)
 ParOldGen       total 68608K, used 31342K [0x0000000080000000, 0x0000000084300000, 0x00000000d5580000)
  object space 68608K, 45% used [0x0000000080000000,0x0000000081e9b940,0x0000000084300000)
 Metaspace       used 47415K, committed 48640K, reserved 1114112K
  class space    used 5074K, committed 5632K, reserved 1048576K
}
Event: 59.645 GC heap after
{Heap after GC invocations=25 (full 2):
 PSYoungGen      total 20992K, used 1328K [0x00000000d5580000, 0x00000000d6d80000, 0x0000000100000000)
  eden space 19456K, 0% used [0x00000000d5580000,0x00000000d5580000,0x00000000d6880000)
  from space 1536K, 86% used [0x00000000d6880000,0x00000000d69cc010,0x00000000d6a00000)
  to   space 2560K, 0% used [0x00000000d6b00000,0x00000000d6b00000,0x00000000d6d80000)
 ParOldGen       total 68608K, used 33297K [0x0000000080000000, 0x0000000084300000, 0x00000000d5580000)
  object space 68608K, 48% used [0x0000000080000000,0x00000000820844a8,0x0000000084300000)
 Metaspace       used 47415K, committed 48640K, reserved 1114112K
  class space    used 5074K, committed 5632K, reserved 1048576K
}
Event: 60.114 GC heap before
{Heap before GC invocations=26 (full 2):
 PSYoungGen      total 20992K, used 20784K [0x00000000d5580000, 0x00000000d6d80000, 0x0000000100000000)
  eden space 19456K, 100% used [0x00000000d5580000,0x00000000d6880000,0x00000000d6880000)
  from space 1536K, 86% used [0x00000000d6880000,0x00000000d69cc010,0x00000000d6a00000)
  to   space 2560K, 0% used [0x00000000d6b00000,0x00000000d6b00000,0x00000000d6d80000)
 ParOldGen       total 68608K, used 33297K [0x0000000080000000, 0x0000000084300000, 0x00000000d5580000)
  object space 68608K, 48% used [0x0000000080000000,0x00000000820844a8,0x0000000084300000)
 Metaspace       used 48184K, committed 49344K, reserved 1114112K
  class space    used 5146K, committed 5696K, reserved 1048576K
}
Event: 60.124 GC heap after
{Heap after GC invocations=26 (full 2):
 PSYoungGen      total 21504K, used 1624K [0x00000000d5580000, 0x00000000d6d00000, 0x0000000100000000)
  eden space 19456K, 0% used [0x00000000d5580000,0x00000000d5580000,0x00000000d6880000)
  from space 2048K, 79% used [0x00000000d6b00000,0x00000000d6c96200,0x00000000d6d00000)
  to   space 2048K, 0% used [0x00000000d6900000,0x00000000d6900000,0x00000000d6b00000)
 ParOldGen       total 68608K, used 34489K [0x0000000080000000, 0x0000000084300000, 0x00000000d5580000)
  object space 68608K, 50% used [0x0000000080000000,0x00000000821ae4c8,0x0000000084300000)
 Metaspace       used 48184K, committed 49344K, reserved 1114112K
  class space    used 5146K, committed 5696K, reserved 1048576K
}
Event: 60.467 GC heap before
{Heap before GC invocations=27 (full 2):
 PSYoungGen      total 21504K, used 21080K [0x00000000d5580000, 0x00000000d6d00000, 0x0000000100000000)
  eden space 19456K, 100% used [0x00000000d5580000,0x00000000d6880000,0x00000000d6880000)
  from space 2048K, 79% used [0x00000000d6b00000,0x00000000d6c96200,0x00000000d6d00000)
  to   space 2048K, 0% used [0x00000000d6900000,0x00000000d6900000,0x00000000d6b00000)
 ParOldGen       total 68608K, used 34489K [0x0000000080000000, 0x0000000084300000, 0x00000000d5580000)
  object space 68608K, 50% used [0x0000000080000000,0x00000000821ae4c8,0x0000000084300000)
 Metaspace       used 48465K, committed 49600K, reserved 1114112K
  class space    used 5174K, committed 5696K, reserved 1048576K
}
Event: 60.482 GC heap after
{Heap after GC invocations=27 (full 2):
 PSYoungGen      total 21504K, used 1808K [0x00000000d5580000, 0x00000000d6c80000, 0x0000000100000000)
  eden space 19456K, 0% used [0x00000000d5580000,0x00000000d5580000,0x00000000d6880000)
  from space 2048K, 88% used [0x00000000d6900000,0x00000000d6ac4120,0x00000000d6b00000)
  to   space 1536K, 0% used [0x00000000d6b00000,0x00000000d6b00000,0x00000000d6c80000)
 ParOldGen       total 68608K, used 35993K [0x0000000080000000, 0x0000000084300000, 0x00000000d5580000)
  object space 68608K, 52% used [0x0000000080000000,0x00000000823266c8,0x0000000084300000)
 Metaspace       used 48465K, committed 49600K, reserved 1114112K
  class space    used 5174K, committed 5696K, reserved 1048576K
}
Event: 62.203 GC heap before
{Heap before GC invocations=28 (full 2):
 PSYoungGen      total 21504K, used 21215K [0x00000000d5580000, 0x00000000d6c80000, 0x0000000100000000)
  eden space 19456K, 99% used [0x00000000d5580000,0x00000000d6873ca8,0x00000000d6880000)
  from space 2048K, 88% used [0x00000000d6900000,0x00000000d6ac4120,0x00000000d6b00000)
  to   space 1536K, 0% used [0x00000000d6b00000,0x00000000d6b00000,0x00000000d6c80000)
 ParOldGen       total 68608K, used 35993K [0x0000000080000000, 0x0000000084300000, 0x00000000d5580000)
  object space 68608K, 52% used [0x0000000080000000,0x00000000823266c8,0x0000000084300000)
 Metaspace       used 50139K, committed 51328K, reserved 1114112K
  class space    used 5375K, committed 5952K, reserved 1048576K
}
Event: 63.180 GC heap after
{Heap after GC invocations=28 (full 2):
 PSYoungGen      total 20992K, used 1209K [0x00000000d5580000, 0x00000000d6c80000, 0x0000000100000000)
  eden space 19456K, 0% used [0x00000000d5580000,0x00000000d5580000,0x00000000d6880000)
  from space 1536K, 78% used [0x00000000d6b00000,0x00000000d6c2e4b8,0x00000000d6c80000)
  to   space 1536K, 0% used [0x00000000d6980000,0x00000000d6980000,0x00000000d6b00000)
 ParOldGen       total 68608K, used 37647K [0x0000000080000000, 0x0000000084300000, 0x00000000d5580000)
  object space 68608K, 54% used [0x0000000080000000,0x00000000824c3d78,0x0000000084300000)
 Metaspace       used 50139K, committed 51328K, reserved 1114112K
  class space    used 5375K, committed 5952K, reserved 1048576K
}

