# JRE version: OpenJDK Runtime Environment Temurin-21.0.7+6 (21.0.7+6) (build 21.0.7+6-LTS)
# Java VM: OpenJDK 64-Bit Server VM Temurin-21.0.7+6 (21.0.7+6-LTS, mixed mode, sharing, tiered, compressed oops, compressed class ptrs, parallel gc, windows-amd64)
GC Precious Log:
 CardTable entry size: 512
 CPUs: 8 total, 8 available
 Memory: 7101M
 Large Page Support: Disabled
 NUMA Support: Disabled
 Compressed Oops: Enabled (32-bit)
 Alignments: Space 512K, Generation 512K, Heap 2M
 Heap Min Capacity: 100M
 Heap Initial Capacity: 100M
 Heap Max Capacity: 2G
 Pre-touch: Disabled
 Parallel Workers: 8
Heap:
 PSYoungGen      total 21504K, used 15150K [0x00000000d5580000, 0x00000000d6c80000, 0x0000000100000000)
  eden space 20480K, 70% used [0x00000000d5580000,0x00000000d6387000,0x00000000d6980000)
  from space 1024K, 76% used [0x00000000d6980000,0x00000000d6a44aa8,0x00000000d6a80000)
  to   space 1536K, 0% used [0x00000000d6b00000,0x00000000d6b00000,0x00000000d6c80000)
 ParOldGen       total 68608K, used 29498K [0x0000000080000000, 0x0000000084300000, 0x00000000d5580000)
  object space 68608K, 42% used [0x0000000080000000,0x0000000081cceb98,0x0000000084300000)
 Metaspace       used 36815K, committed 37952K, reserved 1114112K
  class space    used 3674K, committed 4224K, reserved 1048576K
GC Heap History (20 events):
Event: 21.753 GC heap before
{Heap before GC invocations=14 (full 1):
 PSYoungGen      total 22528K, used 22498K [0x00000000d5580000, 0x00000000d7500000, 0x0000000100000000)
  eden space 20480K, 100% used [0x00000000d5580000,0x00000000d6980000,0x00000000d6980000)
  from space 2048K, 98% used [0x00000000d6e80000,0x00000000d7078860,0x00000000d7080000)
  to   space 5120K, 0% used [0x00000000d6980000,0x00000000d6980000,0x00000000d6e80000)
 ParOldGen       total 68608K, used 18008K [0x0000000080000000, 0x0000000084300000, 0x00000000d5580000)
  object space 68608K, 26% used [0x0000000080000000,0x0000000081196268,0x0000000084300000)
 Metaspace       used 32110K, committed 33088K, reserved 1114112K
  class space    used 3181K, committed 3648K, reserved 1048576K
}
Event: 21.760 GC heap after
{Heap after GC invocations=14 (full 1):
 PSYoungGen      total 22528K, used 2048K [0x00000000d5580000, 0x00000000d6f80000, 0x0000000100000000)
  eden space 20480K, 0% used [0x00000000d5580000,0x00000000d5580000,0x00000000d6980000)
  from space 2048K, 100% used [0x00000000d6980000,0x00000000d6b80000,0x00000000d6b80000)
  to   space 3072K, 0% used [0x00000000d6c80000,0x00000000d6c80000,0x00000000d6f80000)
 ParOldGen       total 68608K, used 20007K [0x0000000080000000, 0x0000000084300000, 0x00000000d5580000)
  object space 68608K, 29% used [0x0000000080000000,0x0000000081389f48,0x0000000084300000)
 Metaspace       used 32110K, committed 33088K, reserved 1114112K
  class space    used 3181K, committed 3648K, reserved 1048576K
}
Event: 21.868 GC heap before
{Heap before GC invocations=15 (full 1):
 PSYoungGen      total 22528K, used 22528K [0x00000000d5580000, 0x00000000d6f80000, 0x0000000100000000)
  eden space 20480K, 100% used [0x00000000d5580000,0x00000000d6980000,0x00000000d6980000)
  from space 2048K, 100% used [0x00000000d6980000,0x00000000d6b80000,0x00000000d6b80000)
  to   space 3072K, 0% used [0x00000000d6c80000,0x00000000d6c80000,0x00000000d6f80000)
 ParOldGen       total 68608K, used 20007K [0x0000000080000000, 0x0000000084300000, 0x00000000d5580000)
  object space 68608K, 29% used [0x0000000080000000,0x0000000081389f48,0x0000000084300000)
 Metaspace       used 32133K, committed 33088K, reserved 1114112K
  class space    used 3181K, committed 3648K, reserved 1048576K
}
Event: 21.874 GC heap after
{Heap after GC invocations=15 (full 1):
 PSYoungGen      total 22528K, used 2020K [0x00000000d5580000, 0x00000000d6e80000, 0x0000000100000000)
  eden space 20480K, 0% used [0x00000000d5580000,0x00000000d5580000,0x00000000d6980000)
  from space 2048K, 98% used [0x00000000d6c80000,0x00000000d6e79000,0x00000000d6e80000)
  to   space 2560K, 0% used [0x00000000d6980000,0x00000000d6980000,0x00000000d6c00000)
 ParOldGen       total 68608K, used 21916K [0x0000000080000000, 0x0000000084300000, 0x00000000d5580000)
  object space 68608K, 31% used [0x0000000080000000,0x00000000815672a8,0x0000000084300000)
 Metaspace       used 32133K, committed 33088K, reserved 1114112K
  class space    used 3181K, committed 3648K, reserved 1048576K
}
Event: 22.007 GC heap before
{Heap before GC invocations=16 (full 1):
 PSYoungGen      total 22528K, used 22500K [0x00000000d5580000, 0x00000000d6e80000, 0x0000000100000000)
  eden space 20480K, 100% used [0x00000000d5580000,0x00000000d6980000,0x00000000d6980000)
  from space 2048K, 98% used [0x00000000d6c80000,0x00000000d6e79000,0x00000000d6e80000)
  to   space 2560K, 0% used [0x00000000d6980000,0x00000000d6980000,0x00000000d6c00000)
 ParOldGen       total 68608K, used 21916K [0x0000000080000000, 0x0000000084300000, 0x00000000d5580000)
  object space 68608K, 31% used [0x0000000080000000,0x00000000815672a8,0x0000000084300000)
 Metaspace       used 32196K, committed 33216K, reserved 1114112K
  class space    used 3183K, committed 3648K, reserved 1048576K
}
Event: 22.014 GC heap after
{Heap after GC invocations=16 (full 1):
 PSYoungGen      total 23040K, used 2080K [0x00000000d5580000, 0x00000000d6e80000, 0x0000000100000000)
  eden space 20480K, 0% used [0x00000000d5580000,0x00000000d5580000,0x00000000d6980000)
  from space 2560K, 81% used [0x00000000d6980000,0x00000000d6b88010,0x00000000d6c00000)
  to   space 2560K, 0% used [0x00000000d6c00000,0x00000000d6c00000,0x00000000d6e80000)
 ParOldGen       total 68608K, used 23834K [0x0000000080000000, 0x0000000084300000, 0x00000000d5580000)
  object space 68608K, 34% used [0x0000000080000000,0x0000000081746ac0,0x0000000084300000)
 Metaspace       used 32196K, committed 33216K, reserved 1114112K
  class space    used 3183K, committed 3648K, reserved 1048576K
}
Event: 22.256 GC heap before
{Heap before GC invocations=17 (full 1):
 PSYoungGen      total 23040K, used 22560K [0x00000000d5580000, 0x00000000d6e80000, 0x0000000100000000)
  eden space 20480K, 100% used [0x00000000d5580000,0x00000000d6980000,0x00000000d6980000)
  from space 2560K, 81% used [0x00000000d6980000,0x00000000d6b88010,0x00000000d6c00000)
  to   space 2560K, 0% used [0x00000000d6c00000,0x00000000d6c00000,0x00000000d6e80000)
 ParOldGen       total 68608K, used 23834K [0x0000000080000000, 0x0000000084300000, 0x00000000d5580000)
  object space 68608K, 34% used [0x0000000080000000,0x0000000081746ac0,0x0000000084300000)
 Metaspace       used 32349K, committed 33344K, reserved 1114112K
  class space    used 3184K, committed 3648K, reserved 1048576K
}
Event: 22.262 GC heap after
{Heap after GC invocations=17 (full 1):
 PSYoungGen      total 22528K, used 1952K [0x00000000d5580000, 0x00000000d6e00000, 0x0000000100000000)
  eden space 20480K, 0% used [0x00000000d5580000,0x00000000d5580000,0x00000000d6980000)
  from space 2048K, 95% used [0x00000000d6c00000,0x00000000d6de8000,0x00000000d6e00000)
  to   space 2048K, 0% used [0x00000000d6a00000,0x00000000d6a00000,0x00000000d6c00000)
 ParOldGen       total 68608K, used 25826K [0x0000000080000000, 0x0000000084300000, 0x00000000d5580000)
  object space 68608K, 37% used [0x0000000080000000,0x0000000081938ad0,0x0000000084300000)
 Metaspace       used 32349K, committed 33344K, reserved 1114112K
  class space    used 3184K, committed 3648K, reserved 1048576K
}
Event: 22.761 GC heap before
{Heap before GC invocations=18 (full 1):
 PSYoungGen      total 22528K, used 22432K [0x00000000d5580000, 0x00000000d6e00000, 0x0000000100000000)
  eden space 20480K, 100% used [0x00000000d5580000,0x00000000d6980000,0x00000000d6980000)
  from space 2048K, 95% used [0x00000000d6c00000,0x00000000d6de8000,0x00000000d6e00000)
  to   space 2048K, 0% used [0x00000000d6a00000,0x00000000d6a00000,0x00000000d6c00000)
 ParOldGen       total 68608K, used 25826K [0x0000000080000000, 0x0000000084300000, 0x00000000d5580000)
  object space 68608K, 37% used [0x0000000080000000,0x0000000081938ad0,0x0000000084300000)
 Metaspace       used 33381K, committed 34368K, reserved 1114112K
  class space    used 3332K, committed 3776K, reserved 1048576K
}
Event: 22.766 GC heap after
{Heap after GC invocations=18 (full 1):
 PSYoungGen      total 22016K, used 1405K [0x00000000d5580000, 0x00000000d6d80000, 0x0000000100000000)
  eden space 20480K, 0% used [0x00000000d5580000,0x00000000d5580000,0x00000000d6980000)
  from space 1536K, 91% used [0x00000000d6a00000,0x00000000d6b5f778,0x00000000d6b80000)
  to   space 2048K, 0% used [0x00000000d6b80000,0x00000000d6b80000,0x00000000d6d80000)
 ParOldGen       total 68608K, used 27643K [0x0000000080000000, 0x0000000084300000, 0x00000000d5580000)
  object space 68608K, 40% used [0x0000000080000000,0x0000000081afecd0,0x0000000084300000)
 Metaspace       used 33381K, committed 34368K, reserved 1114112K
  class space    used 3332K, committed 3776K, reserved 1048576K
}
Event: 24.122 GC heap before
{Heap before GC invocations=19 (full 1):
 PSYoungGen      total 22016K, used 21822K [0x00000000d5580000, 0x00000000d6d80000, 0x0000000100000000)
  eden space 20480K, 99% used [0x00000000d5580000,0x00000000d6970270,0x00000000d6980000)
  from space 1536K, 91% used [0x00000000d6a00000,0x00000000d6b5f778,0x00000000d6b80000)
  to   space 2048K, 0% used [0x00000000d6b80000,0x00000000d6b80000,0x00000000d6d80000)
 ParOldGen       total 68608K, used 27643K [0x0000000080000000, 0x0000000084300000, 0x00000000d5580000)
  object space 68608K, 40% used [0x0000000080000000,0x0000000081afecd0,0x0000000084300000)
 Metaspace       used 34620K, committed 35776K, reserved 1114112K
  class space    used 3484K, committed 4032K, reserved 1048576K
}
Event: 24.127 GC heap after
{Heap after GC invocations=19 (full 1):
 PSYoungGen      total 21504K, used 685K [0x00000000d5580000, 0x00000000d6c80000, 0x0000000100000000)
  eden space 20480K, 0% used [0x00000000d5580000,0x00000000d5580000,0x00000000d6980000)
  from space 1024K, 66% used [0x00000000d6b80000,0x00000000d6c2b658,0x00000000d6c80000)
  to   space 1024K, 0% used [0x00000000d6a80000,0x00000000d6a80000,0x00000000d6b80000)
 ParOldGen       total 68608K, used 28898K [0x0000000080000000, 0x0000000084300000, 0x00000000d5580000)
  object space 68608K, 42% used [0x0000000080000000,0x0000000081c38ba8,0x0000000084300000)
 Metaspace       used 34620K, committed 35776K, reserved 1114112K
  class space    used 3484K, committed 4032K, reserved 1048576K
}
Event: 24.152 GC heap before
{Heap before GC invocations=20 (full 1):
 PSYoungGen      total 21504K, used 1582K [0x00000000d5580000, 0x00000000d6c80000, 0x0000000100000000)
  eden space 20480K, 4% used [0x00000000d5580000,0x00000000d56602d8,0x00000000d6980000)
  from space 1024K, 66% used [0x00000000d6b80000,0x00000000d6c2b658,0x00000000d6c80000)
  to   space 1024K, 0% used [0x00000000d6a80000,0x00000000d6a80000,0x00000000d6b80000)
 ParOldGen       total 68608K, used 28898K [0x0000000080000000, 0x0000000084300000, 0x00000000d5580000)
  object space 68608K, 42% used [0x0000000080000000,0x0000000081c38ba8,0x0000000084300000)
 Metaspace       used 34724K, committed 35840K, reserved 1114112K
  class space    used 3488K, committed 4032K, reserved 1048576K
}
Event: 24.154 GC heap after
{Heap after GC invocations=20 (full 1):
 PSYoungGen      total 21504K, used 192K [0x00000000d5580000, 0x00000000d6c00000, 0x0000000100000000)
  eden space 20480K, 0% used [0x00000000d5580000,0x00000000d5580000,0x00000000d6980000)
  from space 1024K, 18% used [0x00000000d6a80000,0x00000000d6ab0000,0x00000000d6b80000)
  to   space 512K, 0% used [0x00000000d6b80000,0x00000000d6b80000,0x00000000d6c00000)
 ParOldGen       total 68608K, used 29439K [0x0000000080000000, 0x0000000084300000, 0x00000000d5580000)
  object space 68608K, 42% used [0x0000000080000000,0x0000000081cbfe08,0x0000000084300000)
 Metaspace       used 34724K, committed 35840K, reserved 1114112K
  class space    used 3488K, committed 4032K, reserved 1048576K
}
Event: 24.154 GC heap before
{Heap before GC invocations=21 (full 2):
 PSYoungGen      total 21504K, used 192K [0x00000000d5580000, 0x00000000d6c00000, 0x0000000100000000)
  eden space 20480K, 0% used [0x00000000d5580000,0x00000000d5580000,0x00000000d6980000)
  from space 1024K, 18% used [0x00000000d6a80000,0x00000000d6ab0000,0x00000000d6b80000)
  to   space 512K, 0% used [0x00000000d6b80000,0x00000000d6b80000,0x00000000d6c00000)
 ParOldGen       total 68608K, used 29439K [0x0000000080000000, 0x0000000084300000, 0x00000000d5580000)
  object space 68608K, 42% used [0x0000000080000000,0x0000000081cbfe08,0x0000000084300000)
 Metaspace       used 34724K, committed 35840K, reserved 1114112K
  class space    used 3488K, committed 4032K, reserved 1048576K
}
Event: 24.260 GC heap after
{Heap after GC invocations=21 (full 2):
 PSYoungGen      total 21504K, used 0K [0x00000000d5580000, 0x00000000d6c00000, 0x0000000100000000)
  eden space 20480K, 0% used [0x00000000d5580000,0x00000000d5580000,0x00000000d6980000)
  from space 1024K, 0% used [0x00000000d6a80000,0x00000000d6a80000,0x00000000d6b80000)
  to   space 512K, 0% used [0x00000000d6b80000,0x00000000d6b80000,0x00000000d6c00000)
 ParOldGen       total 68608K, used 28066K [0x0000000080000000, 0x0000000084300000, 0x00000000d5580000)
  object space 68608K, 40% used [0x0000000080000000,0x0000000081b68bf0,0x0000000084300000)
 Metaspace       used 34687K, committed 35840K, reserved 1114112K
  class space    used 3478K, committed 4032K, reserved 1048576K
}
Event: 25.307 GC heap before
{Heap before GC invocations=22 (full 2):
 PSYoungGen      total 21504K, used 20480K [0x00000000d5580000, 0x00000000d6c00000, 0x0000000100000000)
  eden space 20480K, 100% used [0x00000000d5580000,0x00000000d6980000,0x00000000d6980000)
  from space 1024K, 0% used [0x00000000d6a80000,0x00000000d6a80000,0x00000000d6b80000)
  to   space 512K, 0% used [0x00000000d6b80000,0x00000000d6b80000,0x00000000d6c00000)
 ParOldGen       total 68608K, used 28066K [0x0000000080000000, 0x0000000084300000, 0x00000000d5580000)
  object space 68608K, 40% used [0x0000000080000000,0x0000000081b68bf0,0x0000000084300000)
 Metaspace       used 35945K, committed 36992K, reserved 1114112K
  class space    used 3597K, committed 4096K, reserved 1048576K
}
Event: 25.310 GC heap after
{Heap after GC invocations=22 (full 2):
 PSYoungGen      total 20992K, used 506K [0x00000000d5580000, 0x00000000d6d80000, 0x0000000100000000)
  eden space 20480K, 0% used [0x00000000d5580000,0x00000000d5580000,0x00000000d6980000)
  from space 512K, 98% used [0x00000000d6b80000,0x00000000d6bfeb10,0x00000000d6c00000)
  to   space 2048K, 0% used [0x00000000d6980000,0x00000000d6980000,0x00000000d6b80000)
 ParOldGen       total 68608K, used 29092K [0x0000000080000000, 0x0000000084300000, 0x00000000d5580000)
  object space 68608K, 42% used [0x0000000080000000,0x0000000081c69360,0x0000000084300000)
 Metaspace       used 35945K, committed 36992K, reserved 1114112K
  class space    used 3597K, committed 4096K, reserved 1048576K
}
Event: 26.048 GC heap before
{Heap before GC invocations=23 (full 2):
 PSYoungGen      total 20992K, used 20986K [0x00000000d5580000, 0x00000000d6d80000, 0x0000000100000000)
  eden space 20480K, 100% used [0x00000000d5580000,0x00000000d6980000,0x00000000d6980000)
  from space 512K, 98% used [0x00000000d6b80000,0x00000000d6bfeb10,0x00000000d6c00000)
  to   space 2048K, 0% used [0x00000000d6980000,0x00000000d6980000,0x00000000d6b80000)
 ParOldGen       total 68608K, used 29092K [0x0000000080000000, 0x0000000084300000, 0x00000000d5580000)
  object space 68608K, 42% used [0x0000000080000000,0x0000000081c69360,0x0000000084300000)
 Metaspace       used 35969K, committed 37056K, reserved 1114112K
  class space    used 3597K, committed 4096K, reserved 1048576K
}
Event: 26.050 GC heap after
{Heap after GC invocations=23 (full 2):
 PSYoungGen      total 21504K, used 786K [0x00000000d5580000, 0x00000000d6c80000, 0x0000000100000000)
  eden space 20480K, 0% used [0x00000000d5580000,0x00000000d5580000,0x00000000d6980000)
  from space 1024K, 76% used [0x00000000d6980000,0x00000000d6a44aa8,0x00000000d6a80000)
  to   space 1536K, 0% used [0x00000000d6b00000,0x00000000d6b00000,0x00000000d6c80000)
 ParOldGen       total 68608K, used 29498K [0x0000000080000000, 0x0000000084300000, 0x00000000d5580000)
  object space 68608K, 42% used [0x0000000080000000,0x0000000081cceb98,0x0000000084300000)
 Metaspace       used 35969K, committed 37056K, reserved 1114112K
  class space    used 3597K, committed 4096K, reserved 1048576K
}

